mode: set
github.com/spanexx/agents-cli/repomap/cmd/repomap/main.go:33.13,37.18 3 0
github.com/spanexx/agents-cli/repomap/cmd/repomap/main.go:37.18,40.3 2 0
github.com/spanexx/agents-cli/repomap/cmd/repomap/main.go:43.2,44.16 2 0
github.com/spanexx/agents-cli/repomap/cmd/repomap/main.go:44.16,46.3 1 0
github.com/spanexx/agents-cli/repomap/cmd/repomap/main.go:48.2,48.49 1 0
github.com/spanexx/agents-cli/repomap/cmd/repomap/main.go:48.49,50.3 1 0
github.com/spanexx/agents-cli/repomap/cmd/repomap/main.go:52.2,66.16 5 0
github.com/spanexx/agents-cli/repomap/cmd/repomap/main.go:66.16,68.3 1 0
github.com/spanexx/agents-cli/repomap/cmd/repomap/main.go:73.2,82.37 6 0
github.com/spanexx/agents-cli/repomap/cmd/repomap/main.go:82.37,85.17 2 0
github.com/spanexx/agents-cli/repomap/cmd/repomap/main.go:85.17,87.12 2 0
github.com/spanexx/agents-cli/repomap/cmd/repomap/main.go:92.3,93.17 2 0
github.com/spanexx/agents-cli/repomap/cmd/repomap/main.go:93.17,95.4 1 0
github.com/spanexx/agents-cli/repomap/cmd/repomap/main.go:98.3,113.5 4 0
github.com/spanexx/agents-cli/repomap/cmd/repomap/main.go:117.2,132.33 7 0
github.com/spanexx/agents-cli/repomap/cmd/repomap/main.go:132.33,133.36 1 0
github.com/spanexx/agents-cli/repomap/cmd/repomap/main.go:133.36,135.4 1 0
github.com/spanexx/agents-cli/repomap/cmd/repomap/main.go:136.3,136.43 1 0
github.com/spanexx/agents-cli/repomap/cmd/repomap/main.go:136.43,138.4 1 0
github.com/spanexx/agents-cli/repomap/cmd/repomap/main.go:138.9,140.4 1 0
github.com/spanexx/agents-cli/repomap/cmd/repomap/main.go:144.2,144.44 1 0
github.com/spanexx/agents-cli/repomap/cmd/repomap/main.go:144.44,146.3 1 0
github.com/spanexx/agents-cli/repomap/cmd/repomap/main.go:149.2,153.26 3 0
github.com/spanexx/agents-cli/repomap/cmd/repomap/main.go:153.26,155.3 1 0
github.com/spanexx/agents-cli/repomap/cmd/repomap/main.go:155.8,157.3 1 0
github.com/spanexx/agents-cli/repomap/cmd/repomap/main.go:159.2,159.16 1 0
github.com/spanexx/agents-cli/repomap/cmd/repomap/main.go:159.16,161.3 1 0
github.com/spanexx/agents-cli/repomap/cmd/repomap/main.go:164.2,166.43 2 0
github.com/spanexx/agents-cli/repomap/cmd/repomap/main.go:169.43,177.23 4 0
github.com/spanexx/agents-cli/repomap/cmd/repomap/main.go:177.23,179.3 1 0
github.com/spanexx/agents-cli/repomap/cmd/repomap/main.go:181.2,181.26 1 0
github.com/spanexx/agents-cli/repomap/cmd/repomap/main.go:181.26,185.29 2 0
github.com/spanexx/agents-cli/repomap/cmd/repomap/main.go:185.29,186.12 1 0
github.com/spanexx/agents-cli/repomap/cmd/repomap/main.go:190.3,190.55 1 0
github.com/spanexx/agents-cli/repomap/cmd/repomap/main.go:190.55,191.12 1 0
github.com/spanexx/agents-cli/repomap/cmd/repomap/main.go:195.3,195.30 1 0
github.com/spanexx/agents-cli/repomap/cmd/repomap/main.go:195.30,196.12 1 0
github.com/spanexx/agents-cli/repomap/cmd/repomap/main.go:199.3,199.33 1 0
github.com/spanexx/agents-cli/repomap/cmd/repomap/main.go:201.2,201.17 1 0
github.com/spanexx/agents-cli/repomap/cmd/repomap/main.go:204.35,205.13 1 0
github.com/spanexx/agents-cli/repomap/cmd/repomap/main.go:205.13,207.3 1 0
github.com/spanexx/agents-cli/repomap/cmd/repomap/main.go:208.2,210.26 3 0
github.com/spanexx/agents-cli/repomap/cmd/repomap/main.go:210.26,211.14 1 0
github.com/spanexx/agents-cli/repomap/cmd/repomap/main.go:211.14,213.4 1 0
github.com/spanexx/agents-cli/repomap/cmd/repomap/main.go:215.2,215.12 1 0
github.com/spanexx/agents-cli/repomap/cmd/repomap/main.go:218.48,219.25 1 0
github.com/spanexx/agents-cli/repomap/cmd/repomap/main.go:219.25,220.16 1 0
github.com/spanexx/agents-cli/repomap/cmd/repomap/main.go:220.16,222.4 1 0
github.com/spanexx/agents-cli/repomap/cmd/repomap/main.go:224.2,224.14 1 0
github.com/spanexx/agents-cli/repomap/cmd/repomap/main.go:227.41,231.16 3 0
github.com/spanexx/agents-cli/repomap/cmd/repomap/main.go:231.16,233.30 2 0
github.com/spanexx/agents-cli/repomap/cmd/repomap/main.go:233.30,234.42 1 0
github.com/spanexx/agents-cli/repomap/cmd/repomap/main.go:234.42,236.5 1 0
github.com/spanexx/agents-cli/repomap/cmd/repomap/main.go:239.2,239.11 1 0
github.com/spanexx/agents-cli/repomap/cmd/repomap/main.go:242.46,243.14 1 0
github.com/spanexx/agents-cli/repomap/cmd/repomap/main.go:243.14,245.3 1 0
github.com/spanexx/agents-cli/repomap/cmd/repomap/main.go:248.49,251.2 2 0
github.com/spanexx/agents-cli/repomap/cmd/repomap/main.go:253.18,258.2 4 0
github.com/spanexx/agents-cli/repomap/internal/ranking/ranker.go:9.46,11.23 2 1
github.com/spanexx/agents-cli/repomap/internal/ranking/ranker.go:11.23,13.3 1 1
github.com/spanexx/agents-cli/repomap/internal/ranking/ranker.go:15.2,16.31 2 1
github.com/spanexx/agents-cli/repomap/internal/ranking/ranker.go:16.31,17.34 1 1
github.com/spanexx/agents-cli/repomap/internal/ranking/ranker.go:17.34,19.4 1 1
github.com/spanexx/agents-cli/repomap/internal/ranking/ranker.go:22.2,22.34 1 1
github.com/spanexx/agents-cli/repomap/internal/ranking/ranker.go:22.34,23.23 1 1
github.com/spanexx/agents-cli/repomap/internal/ranking/ranker.go:23.23,25.4 1 1
github.com/spanexx/agents-cli/repomap/internal/ranking/ranker.go:25.9,27.4 1 1
github.com/spanexx/agents-cli/repomap/internal/ranking/ranker.go:30.2,30.15 1 1
github.com/spanexx/agents-cli/repomap/internal/ranking/ranker.go:37.68,39.34 2 1
github.com/spanexx/agents-cli/repomap/internal/ranking/ranker.go:39.34,40.18 1 1
github.com/spanexx/agents-cli/repomap/internal/ranking/ranker.go:40.18,42.4 1 1
github.com/spanexx/agents-cli/repomap/internal/ranking/ranker.go:42.9,42.26 1 1
github.com/spanexx/agents-cli/repomap/internal/ranking/ranker.go:42.26,44.4 1 1
github.com/spanexx/agents-cli/repomap/internal/ranking/ranker.go:44.9,46.4 1 1
github.com/spanexx/agents-cli/repomap/internal/ranking/ranker.go:48.2,48.19 1 1
github.com/spanexx/agents-cli/repomap/internal/graph/builder.go:30.28,34.2 1 1
github.com/spanexx/agents-cli/repomap/internal/graph/builder.go:39.58,43.2 3 1
github.com/spanexx/agents-cli/repomap/internal/graph/builder.go:46.51,59.37 5 1
github.com/spanexx/agents-cli/repomap/internal/graph/builder.go:59.37,65.22 4 1
github.com/spanexx/agents-cli/repomap/internal/graph/builder.go:65.22,67.4 1 1
github.com/spanexx/agents-cli/repomap/internal/graph/builder.go:68.3,74.4 2 1
github.com/spanexx/agents-cli/repomap/internal/graph/builder.go:78.2,78.43 1 1
github.com/spanexx/agents-cli/repomap/internal/graph/builder.go:78.43,81.31 2 1
github.com/spanexx/agents-cli/repomap/internal/graph/builder.go:81.31,84.62 2 1
github.com/spanexx/agents-cli/repomap/internal/graph/builder.go:84.62,87.5 2 1
github.com/spanexx/agents-cli/repomap/internal/graph/builder.go:90.4,90.48 1 1
github.com/spanexx/agents-cli/repomap/internal/graph/builder.go:90.48,91.40 1 1
github.com/spanexx/agents-cli/repomap/internal/graph/builder.go:91.40,93.29 1 1
github.com/spanexx/agents-cli/repomap/internal/graph/builder.go:93.29,94.15 1 0
github.com/spanexx/agents-cli/repomap/internal/graph/builder.go:97.6,99.43 2 1
github.com/spanexx/agents-cli/repomap/internal/graph/builder.go:99.43,101.7 1 1
github.com/spanexx/agents-cli/repomap/internal/graph/builder.go:107.2,107.10 1 1
github.com/spanexx/agents-cli/repomap/internal/output/json.go:10.67,18.29 4 1
github.com/spanexx/agents-cli/repomap/internal/output/json.go:18.29,20.20 2 1
github.com/spanexx/agents-cli/repomap/internal/output/json.go:20.20,22.41 1 0
github.com/spanexx/agents-cli/repomap/internal/output/json.go:22.41,24.5 1 0
github.com/spanexx/agents-cli/repomap/internal/output/json.go:25.4,25.42 1 0
github.com/spanexx/agents-cli/repomap/internal/output/json.go:28.3,28.58 1 1
github.com/spanexx/agents-cli/repomap/internal/output/json.go:28.58,36.9 3 1
github.com/spanexx/agents-cli/repomap/internal/output/json.go:39.3,40.28 2 1
github.com/spanexx/agents-cli/repomap/internal/output/json.go:43.2,48.16 3 1
github.com/spanexx/agents-cli/repomap/internal/output/json.go:48.16,50.3 1 0
github.com/spanexx/agents-cli/repomap/internal/output/json.go:52.2,52.28 1 1
github.com/spanexx/agents-cli/repomap/internal/output/token.go:5.35,7.2 1 1
github.com/spanexx/agents-cli/repomap/internal/output/types.go:24.37,25.18 1 1
github.com/spanexx/agents-cli/repomap/internal/output/types.go:25.18,27.3 1 1
github.com/spanexx/agents-cli/repomap/internal/output/types.go:28.2,28.12 1 1
github.com/spanexx/agents-cli/repomap/internal/output/xml.go:10.66,18.29 4 1
github.com/spanexx/agents-cli/repomap/internal/output/xml.go:18.29,20.20 2 1
github.com/spanexx/agents-cli/repomap/internal/output/xml.go:20.20,22.41 1 0
github.com/spanexx/agents-cli/repomap/internal/output/xml.go:22.41,24.5 1 0
github.com/spanexx/agents-cli/repomap/internal/output/xml.go:26.4,26.42 1 0
github.com/spanexx/agents-cli/repomap/internal/output/xml.go:29.3,29.58 1 1
github.com/spanexx/agents-cli/repomap/internal/output/xml.go:29.58,38.9 3 1
github.com/spanexx/agents-cli/repomap/internal/output/xml.go:41.3,42.28 2 1
github.com/spanexx/agents-cli/repomap/internal/output/xml.go:45.2,50.16 3 1
github.com/spanexx/agents-cli/repomap/internal/output/xml.go:50.16,52.3 1 0
github.com/spanexx/agents-cli/repomap/internal/output/xml.go:55.2,55.41 1 1
github.com/spanexx/agents-cli/repomap/internal/discovery/gitignore.go:19.54,23.58 2 1
github.com/spanexx/agents-cli/repomap/internal/discovery/gitignore.go:23.58,25.3 1 0
github.com/spanexx/agents-cli/repomap/internal/discovery/gitignore.go:27.2,28.16 2 1
github.com/spanexx/agents-cli/repomap/internal/discovery/gitignore.go:28.16,30.3 1 0
github.com/spanexx/agents-cli/repomap/internal/discovery/gitignore.go:31.2,35.21 4 1
github.com/spanexx/agents-cli/repomap/internal/discovery/gitignore.go:35.21,39.49 2 1
github.com/spanexx/agents-cli/repomap/internal/discovery/gitignore.go:39.49,40.12 1 1
github.com/spanexx/agents-cli/repomap/internal/discovery/gitignore.go:43.3,43.36 1 1
github.com/spanexx/agents-cli/repomap/internal/discovery/gitignore.go:46.2,46.38 1 1
github.com/spanexx/agents-cli/repomap/internal/discovery/gitignore.go:46.38,48.3 1 0
github.com/spanexx/agents-cli/repomap/internal/discovery/gitignore.go:50.2,53.8 1 1
github.com/spanexx/agents-cli/repomap/internal/discovery/gitignore.go:59.47,60.26 1 1
github.com/spanexx/agents-cli/repomap/internal/discovery/gitignore.go:60.26,62.3 1 0
github.com/spanexx/agents-cli/repomap/internal/discovery/gitignore.go:65.2,66.16 2 1
github.com/spanexx/agents-cli/repomap/internal/discovery/gitignore.go:66.16,68.3 1 0
github.com/spanexx/agents-cli/repomap/internal/discovery/gitignore.go:71.2,71.38 1 1
github.com/spanexx/agents-cli/repomap/internal/discovery/gitignore.go:71.38,73.3 1 0
github.com/spanexx/agents-cli/repomap/internal/discovery/gitignore.go:76.2,79.37 3 1
github.com/spanexx/agents-cli/repomap/internal/discovery/gitignore.go:79.37,81.38 2 1
github.com/spanexx/agents-cli/repomap/internal/discovery/gitignore.go:81.38,84.4 2 1
github.com/spanexx/agents-cli/repomap/internal/discovery/gitignore.go:87.3,89.14 3 1
github.com/spanexx/agents-cli/repomap/internal/discovery/gitignore.go:89.14,91.4 1 1
github.com/spanexx/agents-cli/repomap/internal/discovery/gitignore.go:96.3,98.43 2 1
github.com/spanexx/agents-cli/repomap/internal/discovery/gitignore.go:98.43,101.4 2 1
github.com/spanexx/agents-cli/repomap/internal/discovery/gitignore.go:103.3,105.17 2 1
github.com/spanexx/agents-cli/repomap/internal/discovery/gitignore.go:105.17,109.31 1 1
github.com/spanexx/agents-cli/repomap/internal/discovery/gitignore.go:109.31,111.5 1 1
github.com/spanexx/agents-cli/repomap/internal/discovery/gitignore.go:115.4,115.54 1 1
github.com/spanexx/agents-cli/repomap/internal/discovery/gitignore.go:115.54,117.5 1 0
github.com/spanexx/agents-cli/repomap/internal/discovery/gitignore.go:121.4,121.56 1 1
github.com/spanexx/agents-cli/repomap/internal/discovery/gitignore.go:121.56,123.5 1 1
github.com/spanexx/agents-cli/repomap/internal/discovery/gitignore.go:124.9,131.31 2 1
github.com/spanexx/agents-cli/repomap/internal/discovery/gitignore.go:131.31,132.54 1 1
github.com/spanexx/agents-cli/repomap/internal/discovery/gitignore.go:132.54,134.11 2 1
github.com/spanexx/agents-cli/repomap/internal/discovery/gitignore.go:139.3,139.12 1 1
github.com/spanexx/agents-cli/repomap/internal/discovery/gitignore.go:139.12,140.14 1 1
github.com/spanexx/agents-cli/repomap/internal/discovery/gitignore.go:140.14,142.5 1 1
github.com/spanexx/agents-cli/repomap/internal/discovery/gitignore.go:142.10,144.5 1 1
github.com/spanexx/agents-cli/repomap/internal/discovery/gitignore.go:148.2,148.16 1 1
github.com/spanexx/agents-cli/repomap/internal/discovery/walker.go:12.42,35.16 5 1
github.com/spanexx/agents-cli/repomap/internal/discovery/walker.go:35.16,39.3 1 0
github.com/spanexx/agents-cli/repomap/internal/discovery/walker.go:41.2,41.81 1 1
github.com/spanexx/agents-cli/repomap/internal/discovery/walker.go:41.81,42.17 1 1
github.com/spanexx/agents-cli/repomap/internal/discovery/walker.go:42.17,44.4 1 0
github.com/spanexx/agents-cli/repomap/internal/discovery/walker.go:47.3,47.50 1 1
github.com/spanexx/agents-cli/repomap/internal/discovery/walker.go:47.50,48.17 1 1
github.com/spanexx/agents-cli/repomap/internal/discovery/walker.go:48.17,50.5 1 1
github.com/spanexx/agents-cli/repomap/internal/discovery/walker.go:51.4,51.14 1 1
github.com/spanexx/agents-cli/repomap/internal/discovery/walker.go:55.3,55.16 1 1
github.com/spanexx/agents-cli/repomap/internal/discovery/walker.go:55.16,56.59 1 1
github.com/spanexx/agents-cli/repomap/internal/discovery/walker.go:56.59,58.5 1 1
github.com/spanexx/agents-cli/repomap/internal/discovery/walker.go:59.4,59.14 1 1
github.com/spanexx/agents-cli/repomap/internal/discovery/walker.go:63.3,63.28 1 1
github.com/spanexx/agents-cli/repomap/internal/discovery/walker.go:63.28,65.4 1 0
github.com/spanexx/agents-cli/repomap/internal/discovery/walker.go:67.3,70.23 2 1
github.com/spanexx/agents-cli/repomap/internal/discovery/walker.go:70.23,72.4 1 1
github.com/spanexx/agents-cli/repomap/internal/discovery/walker.go:75.3,75.23 1 1
github.com/spanexx/agents-cli/repomap/internal/discovery/walker.go:75.23,77.4 1 1
github.com/spanexx/agents-cli/repomap/internal/discovery/walker.go:79.3,79.13 1 1
github.com/spanexx/agents-cli/repomap/internal/discovery/walker.go:82.2,82.19 1 1
github.com/spanexx/agents-cli/repomap/internal/parsing/extractor.go:12.60,15.16 3 1
github.com/spanexx/agents-cli/repomap/internal/parsing/extractor.go:15.16,17.3 1 0
github.com/spanexx/agents-cli/repomap/internal/parsing/extractor.go:19.2,21.42 2 1
github.com/spanexx/agents-cli/repomap/internal/parsing/extractor.go:21.42,22.24 1 1
github.com/spanexx/agents-cli/repomap/internal/parsing/extractor.go:23.22,25.16 2 1
github.com/spanexx/agents-cli/repomap/internal/parsing/extractor.go:26.21,27.27 1 1
github.com/spanexx/agents-cli/repomap/internal/parsing/extractor.go:27.27,28.34 1 1
github.com/spanexx/agents-cli/repomap/internal/parsing/extractor.go:28.34,29.50 1 1
github.com/spanexx/agents-cli/repomap/internal/parsing/extractor.go:29.50,31.7 1 1
github.com/spanexx/agents-cli/repomap/internal/parsing/extractor.go:34.4,34.16 1 1
github.com/spanexx/agents-cli/repomap/internal/parsing/extractor.go:36.3,36.14 1 1
github.com/spanexx/agents-cli/repomap/internal/parsing/extractor.go:39.2,39.25 1 1
github.com/spanexx/agents-cli/repomap/internal/parsing/extractor.go:42.48,46.49 3 1
github.com/spanexx/agents-cli/repomap/internal/parsing/extractor.go:46.49,54.3 5 1
github.com/spanexx/agents-cli/repomap/internal/parsing/extractor.go:56.2,59.29 3 1
github.com/spanexx/agents-cli/repomap/internal/parsing/extractor.go:59.29,61.3 1 1
github.com/spanexx/agents-cli/repomap/internal/parsing/extractor.go:62.2,64.30 2 1
github.com/spanexx/agents-cli/repomap/internal/parsing/extractor.go:64.30,69.33 3 1
github.com/spanexx/agents-cli/repomap/internal/parsing/extractor.go:69.33,71.4 1 1
github.com/spanexx/agents-cli/repomap/internal/parsing/extractor.go:71.9,73.4 1 1
github.com/spanexx/agents-cli/repomap/internal/parsing/extractor.go:76.2,76.20 1 1
github.com/spanexx/agents-cli/repomap/internal/parsing/extractor.go:79.48,85.26 5 1
github.com/spanexx/agents-cli/repomap/internal/parsing/extractor.go:86.23,87.27 1 1
github.com/spanexx/agents-cli/repomap/internal/parsing/extractor.go:88.26,89.30 1 1
github.com/spanexx/agents-cli/repomap/internal/parsing/extractor.go:90.10,91.40 1 1
github.com/spanexx/agents-cli/repomap/internal/parsing/extractor.go:94.2,94.20 1 1
github.com/spanexx/agents-cli/repomap/internal/parsing/extractor.go:97.52,99.36 2 1
github.com/spanexx/agents-cli/repomap/internal/parsing/extractor.go:99.36,103.17 3 1
github.com/spanexx/agents-cli/repomap/internal/parsing/extractor.go:103.17,105.4 1 1
github.com/spanexx/agents-cli/repomap/internal/parsing/extractor.go:107.3,107.30 1 1
github.com/spanexx/agents-cli/repomap/internal/parsing/extractor.go:107.30,109.4 1 1
github.com/spanexx/agents-cli/repomap/internal/parsing/extractor.go:111.2,111.34 1 1
github.com/spanexx/agents-cli/repomap/internal/parsing/extractor.go:114.39,115.17 1 1
github.com/spanexx/agents-cli/repomap/internal/parsing/extractor.go:115.17,117.3 1 0
github.com/spanexx/agents-cli/repomap/internal/parsing/extractor.go:118.2,118.26 1 1
github.com/spanexx/agents-cli/repomap/internal/parsing/extractor.go:119.18,120.16 1 1
github.com/spanexx/agents-cli/repomap/internal/parsing/extractor.go:121.21,122.31 1 1
github.com/spanexx/agents-cli/repomap/internal/parsing/extractor.go:123.25,124.44 1 0
github.com/spanexx/agents-cli/repomap/internal/parsing/extractor.go:125.22,127.19 2 1
github.com/spanexx/agents-cli/repomap/internal/parsing/extractor.go:127.19,128.44 1 1
github.com/spanexx/agents-cli/repomap/internal/parsing/extractor.go:128.44,130.5 1 1
github.com/spanexx/agents-cli/repomap/internal/parsing/extractor.go:132.3,132.48 1 1
github.com/spanexx/agents-cli/repomap/internal/parsing/extractor.go:133.20,134.64 1 1
github.com/spanexx/agents-cli/repomap/internal/parsing/extractor.go:135.26,136.23 1 1
github.com/spanexx/agents-cli/repomap/internal/parsing/extractor.go:137.23,138.20 1 0
github.com/spanexx/agents-cli/repomap/internal/parsing/extractor.go:139.21,140.16 1 1
github.com/spanexx/agents-cli/repomap/internal/parsing/extractor.go:141.21,142.35 1 1
github.com/spanexx/agents-cli/repomap/internal/parsing/extractor.go:143.21,144.39 1 1
github.com/spanexx/agents-cli/repomap/internal/parsing/extractor.go:145.10,146.30 1 0
github.com/spanexx/agents-cli/repomap/internal/parsing/imports.go:10.56,14.16 3 1
github.com/spanexx/agents-cli/repomap/internal/parsing/imports.go:14.16,16.3 1 0
github.com/spanexx/agents-cli/repomap/internal/parsing/imports.go:18.2,19.25 2 1
github.com/spanexx/agents-cli/repomap/internal/parsing/imports.go:19.25,20.36 1 1
github.com/spanexx/agents-cli/repomap/internal/parsing/imports.go:20.36,21.23 1 1
github.com/spanexx/agents-cli/repomap/internal/parsing/imports.go:21.23,25.19 2 1
github.com/spanexx/agents-cli/repomap/internal/parsing/imports.go:25.19,28.6 1 0
github.com/spanexx/agents-cli/repomap/internal/parsing/imports.go:29.5,29.36 1 1
github.com/spanexx/agents-cli/repomap/internal/parsing/imports.go:34.2,34.21 1 1
